<?xml version="1.0" encoding="UTF-8"?>
<!-- Generated by org.testng.reporters.JUnitReportReporter -->
<testsuite hostname="PNT_Desktop" failures="0" tests="1" name="saucedemotest.ValidLoginTest" time="7.039" errors="0" timestamp="2023-10-11T22:25:58 EDT" skipped="0">
  <testcase classname="saucedemotest.ValidLoginTest" name="test1" time="7.039"/>
</testsuite> <!-- saucedemotest.ValidLoginTest -->
