<?xml version="1.0" encoding="UTF-8"?>
<!-- Generated by org.testng.reporters.JUnitReportReporter -->
<testsuite hostname="PNT_Desktop" failures="0" tests="1" name="amazontest.LanguageTest" time="5.773" errors="0" timestamp="2023-10-24T22:37:19 EDT" skipped="0">
  <testcase classname="amazontest.LanguageTest" name="test1" time="5.773"/>
  <system-out>
    <![CDATA[Extent Report DirectoryC:\Users\PNT\eclipse-workspace\Aug2023SeleniumProject1\target\surefire-reports\html]]>
  </system-out>
</testsuite> <!-- amazontest.LanguageTest -->
