<?xml version="1.0" encoding="UTF-8"?>
<!-- Generated by org.testng.reporters.JUnitReportReporter -->
<testsuite hostname="PNT_Desktop" failures="0" tests="2" name="saucedemotest.InvalidLoginTest" time="2.937" errors="0" timestamp="2023-10-24T22:39:45 EDT" skipped="0">
  <testcase classname="saucedemotest.InvalidLoginTest" name="loginWithInvalidUsernameAndValidPassword" time="1.437"/>
  <testcase classname="saucedemotest.InvalidLoginTest" name="loginWithValidUsernameAndInvalidPassword" time="1.500"/>
  <system-out>
    <![CDATA[Extent Report DirectoryC:\Users\PNT\eclipse-workspace\Aug2023SeleniumProject1\target\surefire-reports\html]]>
  </system-out>
</testsuite> <!-- saucedemotest.InvalidLoginTest -->
