<?xml version="1.0" encoding="UTF-8"?>
<!-- Generated by org.testng.reporters.JUnitReportReporter -->
<testsuite hostname="PNT_Desktop" failures="0" tests="1" name="saucedemotest.ValidLoginTest" time="2.483" errors="0" timestamp="2023-10-24T22:39:45 EDT" skipped="0">
  <testcase classname="saucedemotest.ValidLoginTest" name="loginWithValidCredentials" time="2.483"/>
  <system-out>
    <![CDATA[Extent Report DirectoryC:\Users\PNT\eclipse-workspace\Aug2023SeleniumProject1\target\surefire-reports\html]]>
  </system-out>
</testsuite> <!-- saucedemotest.ValidLoginTest -->
